{"/Users/zimo_mbp16_m1max/Projects/DINOapp/dino-v2/app/layout.tsx": {"path":"/Users/zimo_mbp16_m1max/Projects/DINOapp/dino-v2/app/layout.tsx","statementMap":{"0":{"start":{"line":21,"column":24},"end":{"line":21,"column":35}},"1":{"start":{"line":16,"column":13},"end":{"line":16,"column":21}},"2":{"start":{"line":2,"column":22},"end":{"line":2,"column":null}},"3":{"start":{"line":3,"column":7},"end":{"line":3,"column":null}},"4":{"start":{"line":5,"column":18},"end":{"line":9,"column":null}},"5":{"start":{"line":10,"column":18},"end":{"line":14,"column":null}},"6":{"start":{"line":16,"column":34},"end":{"line":19,"column":null}}},"fnMap":{"0":{"name":"RootLayout","decl":{"start":{"line":21,"column":24},"end":{"line":21,"column":35}},"loc":{"start":{"line":25,"column":2},"end":{"line":35,"column":1}}}},"branchMap":{},"s":{"0":0,"1":0,"2":0,"3":0,"4":0,"5":0,"6":0},"f":{"0":0},"b":{}}
,"/Users/zimo_mbp16_m1max/Projects/DINOapp/dino-v2/app/page.tsx": {"path":"/Users/zimo_mbp16_m1max/Projects/DINOapp/dino-v2/app/page.tsx","statementMap":{"0":{"start":{"line":15,"column":24},"end":{"line":15,"column":null}},"1":{"start":{"line":9,"column":13},"end":{"line":9,"column":21}},"2":{"start":{"line":6,"column":17},"end":{"line":6,"column":null}},"3":{"start":{"line":9,"column":34},"end":{"line":13,"column":null}}},"fnMap":{"0":{"name":"Home","decl":{"start":{"line":15,"column":24},"end":{"line":15,"column":null}},"loc":{"start":{"line":15,"column":24},"end":{"line":185,"column":1}}}},"branchMap":{},"s":{"0":0,"1":0,"2":0,"3":0},"f":{"0":0},"b":{}}
,"/Users/zimo_mbp16_m1max/Projects/DINOapp/dino-v2/app/api/schengen/route.ts": {"path":"/Users/zimo_mbp16_m1max/Projects/DINOapp/dino-v2/app/api/schengen/route.ts","statementMap":{"0":{"start":{"line":13,"column":22},"end":{"line":13,"column":25}},"1":{"start":{"line":41,"column":22},"end":{"line":41,"column":26}},"2":{"start":{"line":6,"column":42},"end":{"line":6,"column":null}},"3":{"start":{"line":7,"column":65},"end":{"line":7,"column":null}},"4":{"start":{"line":14,"column":2},"end":{"line":35,"column":null}},"5":{"start":{"line":15,"column":29},"end":{"line":15,"column":null}},"6":{"start":{"line":16,"column":24},"end":{"line":16,"column":null}},"7":{"start":{"line":20,"column":35},"end":{"line":20,"column":77}},"8":{"start":{"line":22,"column":19},"end":{"line":22,"column":null}},"9":{"start":{"line":24,"column":4},"end":{"line":27,"column":null}},"10":{"start":{"line":31,"column":4},"end":{"line":34,"column":null}},"11":{"start":{"line":42,"column":2},"end":{"line":91,"column":null}},"12":{"start":{"line":43,"column":17},"end":{"line":43,"column":null}},"13":{"start":{"line":46,"column":66},"end":{"line":46,"column":null}},"14":{"start":{"line":48,"column":4},"end":{"line":53,"column":null}},"15":{"start":{"line":49,"column":6},"end":{"line":52,"column":null}},"16":{"start":{"line":55,"column":22},"end":{"line":55,"column":null}},"17":{"start":{"line":56,"column":21},"end":{"line":56,"column":null}},"18":{"start":{"line":59,"column":4},"end":{"line":64,"column":null}},"19":{"start":{"line":60,"column":6},"end":{"line":63,"column":null}},"20":{"start":{"line":66,"column":4},"end":{"line":71,"column":null}},"21":{"start":{"line":67,"column":6},"end":{"line":70,"column":null}},"22":{"start":{"line":73,"column":23},"end":{"line":77,"column":null}},"23":{"start":{"line":80,"column":4},"end":{"line":83,"column":null}},"24":{"start":{"line":87,"column":4},"end":{"line":90,"column":null}}},"fnMap":{"0":{"name":"GET","decl":{"start":{"line":13,"column":22},"end":{"line":13,"column":25}},"loc":{"start":{"line":13,"column":46},"end":{"line":36,"column":null}}},"1":{"name":"POST","decl":{"start":{"line":41,"column":22},"end":{"line":41,"column":26}},"loc":{"start":{"line":41,"column":47},"end":{"line":92,"column":null}}}},"branchMap":{"0":{"loc":{"start":{"line":20,"column":35},"end":{"line":20,"column":77}},"type":"cond-expr","locations":[{"start":{"line":20,"column":49},"end":{"line":20,"column":75}},{"start":{"line":20,"column":75},"end":{"line":20,"column":77}}]},"1":{"loc":{"start":{"line":48,"column":4},"end":{"line":53,"column":null}},"type":"if","locations":[{"start":{"line":48,"column":4},"end":{"line":53,"column":null}}]},"2":{"loc":{"start":{"line":48,"column":8},"end":{"line":48,"column":58}},"type":"binary-expr","locations":[{"start":{"line":48,"column":8},"end":{"line":48,"column":25}},{"start":{"line":48,"column":25},"end":{"line":48,"column":41}},{"start":{"line":48,"column":41},"end":{"line":48,"column":58}}]},"3":{"loc":{"start":{"line":59,"column":4},"end":{"line":64,"column":null}},"type":"if","locations":[{"start":{"line":59,"column":4},"end":{"line":64,"column":null}}]},"4":{"loc":{"start":{"line":59,"column":8},"end":{"line":59,"column":65}},"type":"binary-expr","locations":[{"start":{"line":59,"column":8},"end":{"line":59,"column":38}},{"start":{"line":59,"column":38},"end":{"line":59,"column":65}}]},"5":{"loc":{"start":{"line":66,"column":4},"end":{"line":71,"column":null}},"type":"if","locations":[{"start":{"line":66,"column":4},"end":{"line":71,"column":null}}]},"6":{"loc":{"start":{"line":74,"column":6},"end":{"line":74,"column":18}},"type":"binary-expr","locations":[{"start":{"line":74,"column":6},"end":{"line":74,"column":16}},{"start":{"line":74,"column":16},"end":{"line":74,"column":18}}]}},"s":{"0":0,"1":0,"2":0,"3":0,"4":0,"5":0,"6":0,"7":0,"8":0,"9":0,"10":0,"11":0,"12":0,"13":0,"14":0,"15":0,"16":0,"17":0,"18":0,"19":0,"20":0,"21":0,"22":0,"23":0,"24":0},"f":{"0":0,"1":0},"b":{"0":[0,0],"1":[0],"2":[0,0,0],"3":[0],"4":[0,0],"5":[0],"6":[0,0]}}
,"/Users/zimo_mbp16_m1max/Projects/DINOapp/dino-v2/app/dashboard/page.tsx": {"path":"/Users/zimo_mbp16_m1max/Projects/DINOapp/dino-v2/app/dashboard/page.tsx","statementMap":{"0":{"start":{"line":14,"column":24},"end":{"line":14,"column":null}},"1":{"start":{"line":9,"column":13},"end":{"line":9,"column":21}},"2":{"start":{"line":7,"column":17},"end":{"line":7,"column":null}},"3":{"start":{"line":9,"column":34},"end":{"line":12,"column":null}}},"fnMap":{"0":{"name":"DashboardPage","decl":{"start":{"line":14,"column":24},"end":{"line":14,"column":null}},"loc":{"start":{"line":14,"column":24},"end":{"line":195,"column":1}}}},"branchMap":{},"s":{"0":0,"1":0,"2":0,"3":0},"f":{"0":0},"b":{}}
,"/Users/zimo_mbp16_m1max/Projects/DINOapp/dino-v2/app/schengen/page.tsx": {"path":"/Users/zimo_mbp16_m1max/Projects/DINOapp/dino-v2/app/schengen/page.tsx","statementMap":{"0":{"start":{"line":15,"column":24},"end":{"line":15,"column":null}},"1":{"start":{"line":9,"column":13},"end":{"line":9,"column":21}},"2":{"start":{"line":7,"column":35},"end":{"line":7,"column":null}},"3":{"start":{"line":9,"column":34},"end":{"line":13,"column":null}}},"fnMap":{"0":{"name":"SchengenPage","decl":{"start":{"line":15,"column":24},"end":{"line":15,"column":null}},"loc":{"start":{"line":15,"column":24},"end":{"line":79,"column":1}}}},"branchMap":{},"s":{"0":0,"1":0,"2":0,"3":0},"f":{"0":0},"b":{}}
,"/Users/zimo_mbp16_m1max/Projects/DINOapp/dino-v2/components/schengen/Calculator.tsx": {"path":"/Users/zimo_mbp16_m1max/Projects/DINOapp/dino-v2/components/schengen/Calculator.tsx","statementMap":{"0":{"start":{"line":17,"column":16},"end":{"line":17,"column":35}},"1":{"start":{"line":8,"column":38},"end":{"line":8,"column":null}},"2":{"start":{"line":10,"column":45},"end":{"line":10,"column":null}},"3":{"start":{"line":21,"column":30},"end":{"line":21,"column":null}},"4":{"start":{"line":22,"column":44},"end":{"line":22,"column":null}},"5":{"start":{"line":24,"column":26},"end":{"line":39,"column":null}},"6":{"start":{"line":25,"column":4},"end":{"line":25,"column":null}},"7":{"start":{"line":27,"column":4},"end":{"line":38,"column":null}},"8":{"start":{"line":29,"column":6},"end":{"line":29,"column":null}},"9":{"start":{"line":29,"column":35},"end":{"line":29,"column":null}},"10":{"start":{"line":31,"column":32},"end":{"line":31,"column":null}},"11":{"start":{"line":32,"column":6},"end":{"line":32,"column":null}},"12":{"start":{"line":33,"column":6},"end":{"line":33,"column":null}},"13":{"start":{"line":37,"column":6},"end":{"line":37,"column":null}},"14":{"start":{"line":41,"column":25},"end":{"line":46,"column":null}},"15":{"start":{"line":42,"column":4},"end":{"line":42,"column":null}},"16":{"start":{"line":42,"column":22},"end":{"line":42,"column":null}},"17":{"start":{"line":43,"column":4},"end":{"line":43,"column":null}},"18":{"start":{"line":43,"column":29},"end":{"line":43,"column":null}},"19":{"start":{"line":44,"column":4},"end":{"line":44,"column":null}},"20":{"start":{"line":44,"column":29},"end":{"line":44,"column":null}},"21":{"start":{"line":45,"column":4},"end":{"line":45,"column":null}},"22":{"start":{"line":48,"column":24},"end":{"line":53,"column":null}},"23":{"start":{"line":49,"column":4},"end":{"line":49,"column":null}},"24":{"start":{"line":49,"column":22},"end":{"line":49,"column":null}},"25":{"start":{"line":50,"column":4},"end":{"line":50,"column":null}},"26":{"start":{"line":50,"column":29},"end":{"line":50,"column":null}},"27":{"start":{"line":51,"column":4},"end":{"line":51,"column":null}},"28":{"start":{"line":51,"column":29},"end":{"line":51,"column":null}},"29":{"start":{"line":52,"column":4},"end":{"line":52,"column":null}},"30":{"start":{"line":154,"column":18},"end":{"line":154,"column":34}},"31":{"start":{"line":170,"column":18},"end":{"line":170,"column":34}},"32":{"start":{"line":186,"column":18},"end":{"line":186,"column":34}}},"fnMap":{"0":{"name":"SchengenCalculator","decl":{"start":{"line":17,"column":16},"end":{"line":17,"column":35}},"loc":{"start":{"line":20,"column":26},"end":{"line":221,"column":null}}},"1":{"name":"(anonymous_2)","decl":{"start":{"line":24,"column":38},"end":{"line":24,"column":null}},"loc":{"start":{"line":24,"column":38},"end":{"line":39,"column":5}}},"2":{"name":"(anonymous_3)","decl":{"start":{"line":29,"column":24},"end":{"line":29,"column":35}},"loc":{"start":{"line":29,"column":35},"end":{"line":29,"column":null}}},"3":{"name":"(anonymous_4)","decl":{"start":{"line":41,"column":25},"end":{"line":41,"column":26}},"loc":{"start":{"line":41,"column":48},"end":{"line":46,"column":null}}},"4":{"name":"(anonymous_5)","decl":{"start":{"line":48,"column":24},"end":{"line":48,"column":25}},"loc":{"start":{"line":48,"column":47},"end":{"line":53,"column":null}}},"5":{"name":"(anonymous_6)","decl":{"start":{"line":153,"column":37},"end":{"line":153,"column":38}},"loc":{"start":{"line":154,"column":18},"end":{"line":154,"column":34}}},"6":{"name":"(anonymous_7)","decl":{"start":{"line":169,"column":44},"end":{"line":169,"column":45}},"loc":{"start":{"line":170,"column":18},"end":{"line":170,"column":34}}},"7":{"name":"(anonymous_8)","decl":{"start":{"line":185,"column":46},"end":{"line":185,"column":47}},"loc":{"start":{"line":186,"column":18},"end":{"line":186,"column":34}}}},"branchMap":{"0":{"loc":{"start":{"line":18,"column":2},"end":{"line":18,"column":13}},"type":"default-arg","locations":[{"start":{"line":18,"column":11},"end":{"line":18,"column":13}}]},"1":{"loc":{"start":{"line":42,"column":4},"end":{"line":42,"column":null}},"type":"if","locations":[{"start":{"line":42,"column":4},"end":{"line":42,"column":null}}]},"2":{"loc":{"start":{"line":43,"column":4},"end":{"line":43,"column":null}},"type":"if","locations":[{"start":{"line":43,"column":4},"end":{"line":43,"column":null}}]},"3":{"loc":{"start":{"line":44,"column":4},"end":{"line":44,"column":null}},"type":"if","locations":[{"start":{"line":44,"column":4},"end":{"line":44,"column":null}}]},"4":{"loc":{"start":{"line":49,"column":4},"end":{"line":49,"column":null}},"type":"if","locations":[{"start":{"line":49,"column":4},"end":{"line":49,"column":null}}]},"5":{"loc":{"start":{"line":50,"column":4},"end":{"line":50,"column":null}},"type":"if","locations":[{"start":{"line":50,"column":4},"end":{"line":50,"column":null}}]},"6":{"loc":{"start":{"line":51,"column":4},"end":{"line":51,"column":null}},"type":"if","locations":[{"start":{"line":51,"column":4},"end":{"line":51,"column":null}}]},"7":{"loc":{"start":{"line":66,"column":11},"end":{"line":66,"column":null}},"type":"cond-expr","locations":[{"start":{"line":66,"column":27},"end":{"line":66,"column":39}},{"start":{"line":66,"column":39},"end":{"line":66,"column":null}}]},"8":{"loc":{"start":{"line":70,"column":7},"end":{"line":70,"column":null}},"type":"binary-expr","locations":[{"start":{"line":70,"column":7},"end":{"line":70,"column":null}}]},"9":{"loc":{"start":{"line":116,"column":18},"end":{"line":122,"column":null}},"type":"cond-expr","locations":[{"start":{"line":117,"column":22},"end":{"line":117,"column":null}},{"start":{"line":118,"column":22},"end":{"line":122,"column":null}}]},"10":{"loc":{"start":{"line":118,"column":22},"end":{"line":122,"column":null}},"type":"cond-expr","locations":[{"start":{"line":119,"column":22},"end":{"line":119,"column":null}},{"start":{"line":120,"column":22},"end":{"line":122,"column":null}}]},"11":{"loc":{"start":{"line":120,"column":22},"end":{"line":122,"column":null}},"type":"cond-expr","locations":[{"start":{"line":121,"column":22},"end":{"line":121,"column":null}},{"start":{"line":122,"column":22},"end":{"line":122,"column":null}}]},"12":{"loc":{"start":{"line":147,"column":11},"end":{"line":147,"column":null}},"type":"binary-expr","locations":[{"start":{"line":147,"column":11},"end":{"line":147,"column":null}}]},"13":{"loc":{"start":{"line":163,"column":11},"end":{"line":163,"column":null}},"type":"binary-expr","locations":[{"start":{"line":163,"column":11},"end":{"line":163,"column":null}}]},"14":{"loc":{"start":{"line":179,"column":11},"end":{"line":179,"column":null}},"type":"binary-expr","locations":[{"start":{"line":179,"column":11},"end":{"line":179,"column":null}}]},"15":{"loc":{"start":{"line":202,"column":7},"end":{"line":202,"column":18}},"type":"binary-expr","locations":[{"start":{"line":202,"column":7},"end":{"line":202,"column":18}},{"start":{"line":202,"column":18},"end":{"line":202,"column":null}}]}},"s":{"0":0,"1":1,"2":1,"3":0,"4":0,"5":0,"6":0,"7":0,"8":0,"9":0,"10":0,"11":0,"12":0,"13":0,"14":0,"15":0,"16":0,"17":0,"18":0,"19":0,"20":0,"21":0,"22":0,"23":0,"24":0,"25":0,"26":0,"27":0,"28":0,"29":0,"30":0,"31":0,"32":0},"f":{"0":0,"1":0,"2":0,"3":0,"4":0,"5":0,"6":0,"7":0},"b":{"0":[0],"1":[0],"2":[0],"3":[0],"4":[0],"5":[0],"6":[0],"7":[0,0],"8":[0],"9":[0,0],"10":[0,0],"11":[0,0],"12":[0],"13":[0],"14":[0],"15":[0,0]}}
,"/Users/zimo_mbp16_m1max/Projects/DINOapp/dino-v2/lib/schengen/calculator.ts": {"path":"/Users/zimo_mbp16_m1max/Projects/DINOapp/dino-v2/lib/schengen/calculator.ts","statementMap":{"0":{"start":{"line":342,"column":16},"end":{"line":342,"column":44}},"1":{"start":{"line":167,"column":16},"end":{"line":167,"column":39}},"2":{"start":{"line":307,"column":16},"end":{"line":307,"column":35}},"3":{"start":{"line":191,"column":16},"end":{"line":191,"column":32}},"4":{"start":{"line":217,"column":16},"end":{"line":217,"column":34}},"5":{"start":{"line":21,"column":38},"end":{"line":21,"column":null}},"6":{"start":{"line":26,"column":24},"end":{"line":30,"column":null}},"7":{"start":{"line":49,"column":17},"end":{"line":49,"column":null}},"8":{"start":{"line":50,"column":2},"end":{"line":50,"column":null}},"9":{"start":{"line":59,"column":2},"end":{"line":64,"column":null}},"10":{"start":{"line":59,"column":30},"end":{"line":64,"column":null}},"11":{"start":{"line":77,"column":22},"end":{"line":77,"column":null}},"12":{"start":{"line":79,"column":2},"end":{"line":84,"column":null}},"13":{"start":{"line":80,"column":21},"end":{"line":80,"column":37}},"14":{"start":{"line":82,"column":23},"end":{"line":82,"column":null}},"15":{"start":{"line":83,"column":6},"end":{"line":83,"column":null}},"16":{"start":{"line":97,"column":22},"end":{"line":97,"column":null}},"17":{"start":{"line":99,"column":18},"end":{"line":99,"column":null}},"18":{"start":{"line":101,"column":2},"end":{"line":108,"column":null}},"19":{"start":{"line":102,"column":23},"end":{"line":102,"column":null}},"20":{"start":{"line":103,"column":21},"end":{"line":103,"column":null}},"21":{"start":{"line":105,"column":4},"end":{"line":107,"column":null}},"22":{"start":{"line":106,"column":6},"end":{"line":106,"column":null}},"23":{"start":{"line":110,"column":2},"end":{"line":110,"column":null}},"24":{"start":{"line":123,"column":2},"end":{"line":125,"column":null}},"25":{"start":{"line":124,"column":4},"end":{"line":124,"column":null}},"26":{"start":{"line":127,"column":22},"end":{"line":127,"column":null}},"27":{"start":{"line":128,"column":25},"end":{"line":128,"column":null}},"28":{"start":{"line":128,"column":56},"end":{"line":128,"column":null}},"29":{"start":{"line":130,"column":2},"end":{"line":132,"column":null}},"30":{"start":{"line":131,"column":4},"end":{"line":131,"column":null}},"31":{"start":{"line":134,"column":24},"end":{"line":135,"column":null}},"32":{"start":{"line":135,"column":4},"end":{"line":135,"column":null}},"33":{"start":{"line":138,"column":2},"end":{"line":138,"column":null}},"34":{"start":{"line":148,"column":2},"end":{"line":150,"column":null}},"35":{"start":{"line":149,"column":4},"end":{"line":149,"column":null}},"36":{"start":{"line":152,"column":2},"end":{"line":156,"column":null}},"37":{"start":{"line":171,"column":26},"end":{"line":171,"column":null}},"38":{"start":{"line":172,"column":25},"end":{"line":172,"column":null}},"39":{"start":{"line":173,"column":19},"end":{"line":173,"column":null}},"40":{"start":{"line":174,"column":24},"end":{"line":174,"column":null}},"41":{"start":{"line":175,"column":21},"end":{"line":175,"column":null}},"42":{"start":{"line":177,"column":2},"end":{"line":183,"column":null}},"43":{"start":{"line":192,"column":29},"end":{"line":192,"column":31}},"44":{"start":{"line":194,"column":2},"end":{"line":196,"column":null}},"45":{"start":{"line":195,"column":4},"end":{"line":195,"column":null}},"46":{"start":{"line":198,"column":2},"end":{"line":200,"column":null}},"47":{"start":{"line":199,"column":4},"end":{"line":199,"column":null}},"48":{"start":{"line":202,"column":2},"end":{"line":204,"column":null}},"49":{"start":{"line":203,"column":4},"end":{"line":203,"column":null}},"50":{"start":{"line":206,"column":2},"end":{"line":206,"column":null}},"51":{"start":{"line":224,"column":2},"end":{"line":234,"column":null}},"52":{"start":{"line":225,"column":4},"end":{"line":233,"column":null}},"53":{"start":{"line":236,"column":22},"end":{"line":236,"column":null}},"54":{"start":{"line":239,"column":45},"end":{"line":253,"column":null}},"55":{"start":{"line":255,"column":24},"end":{"line":255,"column":null}},"56":{"start":{"line":256,"column":26},"end":{"line":256,"column":null}},"57":{"start":{"line":258,"column":29},"end":{"line":258,"column":31}},"58":{"start":{"line":259,"column":32},"end":{"line":259,"column":34}},"59":{"start":{"line":262,"column":2},"end":{"line":265,"column":null}},"60":{"start":{"line":263,"column":4},"end":{"line":263,"column":null}},"61":{"start":{"line":264,"column":4},"end":{"line":264,"column":null}},"62":{"start":{"line":268,"column":2},"end":{"line":271,"column":null}},"63":{"start":{"line":269,"column":4},"end":{"line":269,"column":null}},"64":{"start":{"line":270,"column":4},"end":{"line":270,"column":null}},"65":{"start":{"line":274,"column":2},"end":{"line":281,"column":null}},"66":{"start":{"line":275,"column":4},"end":{"line":275,"column":null}},"67":{"start":{"line":277,"column":4},"end":{"line":280,"column":null}},"68":{"start":{"line":278,"column":27},"end":{"line":278,"column":null}},"69":{"start":{"line":279,"column":6},"end":{"line":279,"column":null}},"70":{"start":{"line":284,"column":2},"end":{"line":287,"column":null}},"71":{"start":{"line":285,"column":4},"end":{"line":285,"column":null}},"72":{"start":{"line":286,"column":4},"end":{"line":286,"column":null}},"73":{"start":{"line":289,"column":2},"end":{"line":297,"column":null}},"74":{"start":{"line":312,"column":24},"end":{"line":312,"column":29}},"75":{"start":{"line":314,"column":2},"end":{"line":331,"column":null}},"76":{"start":{"line":314,"column":23},"end":{"line":314,"column":26}},"77":{"start":{"line":315,"column":26},"end":{"line":315,"column":null}},"78":{"start":{"line":316,"column":24},"end":{"line":316,"column":null}},"79":{"start":{"line":325,"column":4},"end":{"line":330,"column":null}},"80":{"start":{"line":326,"column":6},"end":{"line":329,"column":null}},"81":{"start":{"line":333,"column":2},"end":{"line":333,"column":null}},"82":{"start":{"line":346,"column":17},"end":{"line":346,"column":null}},"83":{"start":{"line":347,"column":19},"end":{"line":347,"column":null}},"84":{"start":{"line":349,"column":36},"end":{"line":349,"column":38}},"85":{"start":{"line":351,"column":2},"end":{"line":353,"column":null}},"86":{"start":{"line":352,"column":4},"end":{"line":352,"column":null}},"87":{"start":{"line":355,"column":2},"end":{"line":357,"column":null}},"88":{"start":{"line":356,"column":4},"end":{"line":356,"column":null}},"89":{"start":{"line":359,"column":2},"end":{"line":361,"column":null}},"90":{"start":{"line":360,"column":4},"end":{"line":360,"column":null}},"91":{"start":{"line":363,"column":2},"end":{"line":369,"column":null}}},"fnMap":{"0":{"name":"calculateDaysBetween","decl":{"start":{"line":48,"column":9},"end":{"line":48,"column":30}},"loc":{"start":{"line":48,"column":60},"end":{"line":51,"column":null}}},"1":{"name":"processVisits","decl":{"start":{"line":58,"column":9},"end":{"line":58,"column":23}},"loc":{"start":{"line":58,"column":54},"end":{"line":65,"column":null}}},"2":{"name":"(anonymous_8)","decl":{"start":{"line":59,"column":20},"end":{"line":59,"column":30}},"loc":{"start":{"line":59,"column":30},"end":{"line":64,"column":null}}},"3":{"name":"getRelevantVisits","decl":{"start":{"line":73,"column":9},"end":{"line":73,"column":null}},"loc":{"start":{"line":75,"column":21},"end":{"line":85,"column":null}}},"4":{"name":"(anonymous_10)","decl":{"start":{"line":80,"column":12},"end":{"line":80,"column":21}},"loc":{"start":{"line":80,"column":21},"end":{"line":80,"column":37}}},"5":{"name":"(anonymous_11)","decl":{"start":{"line":81,"column":12},"end":{"line":81,"column":null}},"loc":{"start":{"line":81,"column":12},"end":{"line":84,"column":null}}},"6":{"name":"calculateUsedDays","decl":{"start":{"line":93,"column":9},"end":{"line":93,"column":null}},"loc":{"start":{"line":95,"column":21},"end":{"line":111,"column":null}}},"7":{"name":"calculateNextResetDate","decl":{"start":{"line":119,"column":9},"end":{"line":119,"column":null}},"loc":{"start":{"line":121,"column":21},"end":{"line":139,"column":null}}},"8":{"name":"(anonymous_14)","decl":{"start":{"line":128,"column":47},"end":{"line":128,"column":56}},"loc":{"start":{"line":128,"column":56},"end":{"line":128,"column":null}}},"9":{"name":"(anonymous_15)","decl":{"start":{"line":134,"column":46},"end":{"line":134,"column":47}},"loc":{"start":{"line":135,"column":4},"end":{"line":135,"column":null}}},"10":{"name":"detectViolations","decl":{"start":{"line":147,"column":9},"end":{"line":147,"column":26}},"loc":{"start":{"line":147,"column":63},"end":{"line":157,"column":null}}},"11":{"name":"calculateSchengenStatus","decl":{"start":{"line":167,"column":16},"end":{"line":167,"column":39}},"loc":{"start":{"line":169,"column":34},"end":{"line":184,"column":null}}},"12":{"name":"generateWarnings","decl":{"start":{"line":191,"column":16},"end":{"line":191,"column":32}},"loc":{"start":{"line":191,"column":55},"end":{"line":207,"column":null}}},"13":{"name":"validateFutureTrip","decl":{"start":{"line":217,"column":16},"end":{"line":217,"column":34}},"loc":{"start":{"line":221,"column":24},"end":{"line":298,"column":null}}},"14":{"name":"findSafeTravelDates","decl":{"start":{"line":307,"column":16},"end":{"line":307,"column":35}},"loc":{"start":{"line":310,"column":33},"end":{"line":334,"column":null}}},"15":{"name":"calculateComprehensiveStatus","decl":{"start":{"line":342,"column":16},"end":{"line":342,"column":44}},"loc":{"start":{"line":344,"column":34},"end":{"line":370,"column":null}}}},"branchMap":{"0":{"loc":{"start":{"line":62,"column":14},"end":{"line":62,"column":null}},"type":"cond-expr","locations":[{"start":{"line":62,"column":31},"end":{"line":62,"column":58}},{"start":{"line":62,"column":58},"end":{"line":62,"column":null}}]},"1":{"loc":{"start":{"line":82,"column":23},"end":{"line":82,"column":null}},"type":"binary-expr","locations":[{"start":{"line":82,"column":23},"end":{"line":82,"column":37}},{"start":{"line":82,"column":41},"end":{"line":82,"column":null}}]},"2":{"loc":{"start":{"line":83,"column":13},"end":{"line":83,"column":null}},"type":"binary-expr","locations":[{"start":{"line":83,"column":13},"end":{"line":83,"column":40}},{"start":{"line":83,"column":40},"end":{"line":83,"column":null}}]},"3":{"loc":{"start":{"line":102,"column":23},"end":{"line":102,"column":null}},"type":"cond-expr","locations":[{"start":{"line":102,"column":55},"end":{"line":102,"column":70}},{"start":{"line":102,"column":73},"end":{"line":102,"column":null}}]},"4":{"loc":{"start":{"line":103,"column":21},"end":{"line":103,"column":null}},"type":"cond-expr","locations":[{"start":{"line":103,"column":72},"end":{"line":103,"column":86}},{"start":{"line":103,"column":89},"end":{"line":103,"column":null}}]},"5":{"loc":{"start":{"line":103,"column":21},"end":{"line":103,"column":72}},"type":"binary-expr","locations":[{"start":{"line":103,"column":21},"end":{"line":103,"column":35}},{"start":{"line":103,"column":39},"end":{"line":103,"column":72}}]},"6":{"loc":{"start":{"line":105,"column":4},"end":{"line":107,"column":null}},"type":"if","locations":[{"start":{"line":105,"column":4},"end":{"line":107,"column":null}}]},"7":{"loc":{"start":{"line":123,"column":2},"end":{"line":125,"column":null}},"type":"if","locations":[{"start":{"line":123,"column":2},"end":{"line":125,"column":null}}]},"8":{"loc":{"start":{"line":130,"column":2},"end":{"line":132,"column":null}},"type":"if","locations":[{"start":{"line":130,"column":2},"end":{"line":132,"column":null}}]},"9":{"loc":{"start":{"line":135,"column":4},"end":{"line":135,"column":null}},"type":"cond-expr","locations":[{"start":{"line":135,"column":43},"end":{"line":135,"column":51}},{"start":{"line":135,"column":51},"end":{"line":135,"column":null}}]},"10":{"loc":{"start":{"line":148,"column":2},"end":{"line":150,"column":null}},"type":"if","locations":[{"start":{"line":148,"column":2},"end":{"line":150,"column":null}}]},"11":{"loc":{"start":{"line":169,"column":2},"end":{"line":169,"column":34}},"type":"default-arg","locations":[{"start":{"line":169,"column":24},"end":{"line":169,"column":34}}]},"12":{"loc":{"start":{"line":194,"column":2},"end":{"line":196,"column":null}},"type":"if","locations":[{"start":{"line":194,"column":2},"end":{"line":196,"column":null}}]},"13":{"loc":{"start":{"line":198,"column":2},"end":{"line":200,"column":null}},"type":"if","locations":[{"start":{"line":198,"column":2},"end":{"line":200,"column":null}}]},"14":{"loc":{"start":{"line":198,"column":6},"end":{"line":198,"column":62}},"type":"binary-expr","locations":[{"start":{"line":198,"column":6},"end":{"line":198,"column":36}},{"start":{"line":198,"column":36},"end":{"line":198,"column":62}}]},"15":{"loc":{"start":{"line":202,"column":2},"end":{"line":204,"column":null}},"type":"if","locations":[{"start":{"line":202,"column":2},"end":{"line":204,"column":null}}]},"16":{"loc":{"start":{"line":202,"column":6},"end":{"line":202,"column":54}},"type":"binary-expr","locations":[{"start":{"line":202,"column":6},"end":{"line":202,"column":36}},{"start":{"line":202,"column":36},"end":{"line":202,"column":54}}]},"17":{"loc":{"start":{"line":224,"column":2},"end":{"line":234,"column":null}},"type":"if","locations":[{"start":{"line":224,"column":2},"end":{"line":234,"column":null}}]},"18":{"loc":{"start":{"line":262,"column":2},"end":{"line":265,"column":null}},"type":"if","locations":[{"start":{"line":262,"column":2},"end":{"line":265,"column":null}}]},"19":{"loc":{"start":{"line":268,"column":2},"end":{"line":271,"column":null}},"type":"if","locations":[{"start":{"line":268,"column":2},"end":{"line":271,"column":null}}]},"20":{"loc":{"start":{"line":274,"column":2},"end":{"line":281,"column":null}},"type":"if","locations":[{"start":{"line":274,"column":2},"end":{"line":281,"column":null}}]},"21":{"loc":{"start":{"line":277,"column":4},"end":{"line":280,"column":null}},"type":"if","locations":[{"start":{"line":277,"column":4},"end":{"line":280,"column":null}}]},"22":{"loc":{"start":{"line":284,"column":2},"end":{"line":287,"column":null}},"type":"if","locations":[{"start":{"line":284,"column":2},"end":{"line":287,"column":null}}]},"23":{"loc":{"start":{"line":310,"column":2},"end":{"line":310,"column":33}},"type":"default-arg","locations":[{"start":{"line":310,"column":23},"end":{"line":310,"column":33}}]},"24":{"loc":{"start":{"line":325,"column":4},"end":{"line":330,"column":null}},"type":"if","locations":[{"start":{"line":325,"column":4},"end":{"line":330,"column":null}}]},"25":{"loc":{"start":{"line":325,"column":8},"end":{"line":325,"column":56}},"type":"binary-expr","locations":[{"start":{"line":325,"column":8},"end":{"line":325,"column":28}},{"start":{"line":325,"column":32},"end":{"line":325,"column":56}}]},"26":{"loc":{"start":{"line":344,"column":2},"end":{"line":344,"column":34}},"type":"default-arg","locations":[{"start":{"line":344,"column":24},"end":{"line":344,"column":34}}]},"27":{"loc":{"start":{"line":351,"column":2},"end":{"line":353,"column":null}},"type":"if","locations":[{"start":{"line":351,"column":2},"end":{"line":353,"column":null}}]},"28":{"loc":{"start":{"line":351,"column":6},"end":{"line":351,"column":62}},"type":"binary-expr","locations":[{"start":{"line":351,"column":6},"end":{"line":351,"column":34}},{"start":{"line":351,"column":34},"end":{"line":351,"column":62}}]},"29":{"loc":{"start":{"line":355,"column":2},"end":{"line":357,"column":null}},"type":"if","locations":[{"start":{"line":355,"column":2},"end":{"line":357,"column":null}}]},"30":{"loc":{"start":{"line":359,"column":2},"end":{"line":361,"column":null}},"type":"if","locations":[{"start":{"line":359,"column":2},"end":{"line":361,"column":null}}]},"31":{"loc":{"start":{"line":367,"column":22},"end":{"line":367,"column":null}},"type":"cond-expr","locations":[{"start":{"line":367,"column":44},"end":{"line":367,"column":64}},{"start":{"line":367,"column":67},"end":{"line":367,"column":null}}]}},"s":{"0":2,"1":5,"2":0,"3":0,"4":0,"5":2,"6":2,"7":4,"8":4,"9":7,"10":5,"11":7,"12":7,"13":5,"14":4,"15":4,"16":7,"17":7,"18":7,"19":4,"20":4,"21":4,"22":4,"23":7,"24":7,"25":4,"26":3,"27":3,"28":4,"29":3,"30":0,"31":3,"32":1,"33":3,"34":7,"35":6,"36":1,"37":7,"38":7,"39":7,"40":7,"41":7,"42":7,"43":2,"44":2,"45":0,"46":2,"47":0,"48":2,"49":0,"50":2,"51":0,"52":0,"53":0,"54":0,"55":0,"56":0,"57":0,"58":0,"59":0,"60":0,"61":0,"62":0,"63":0,"64":0,"65":0,"66":0,"67":0,"68":0,"69":0,"70":0,"71":0,"72":0,"73":0,"74":0,"75":0,"76":0,"77":0,"78":0,"79":0,"80":0,"81":0,"82":2,"83":2,"84":2,"85":2,"86":0,"87":2,"88":2,"89":2,"90":0,"91":2},"f":{"0":4,"1":7,"2":5,"3":7,"4":5,"5":4,"6":7,"7":7,"8":4,"9":1,"10":7,"11":7,"12":2,"13":0,"14":0,"15":2},"b":{"0":[5,0],"1":[4,0],"2":[4,4],"3":[4,0],"4":[4,0],"5":[4,4],"6":[4],"7":[4],"8":[0],"9":[0,1],"10":[6],"11":[5],"12":[0],"13":[0],"14":[2,0],"15":[0],"16":[2,0],"17":[0],"18":[0],"19":[0],"20":[0],"21":[0],"22":[0],"23":[0],"24":[0],"25":[0,0],"26":[2],"27":[0],"28":[2,2],"29":[2],"30":[0],"31":[0,2]}}
}
