TN:
SF:app/layout.tsx
FN:21,RootLayout
FNF:1
FNH:0
FNDA:0,RootLayout
DA:2,0
DA:3,0
DA:5,0
DA:10,0
DA:16,0
DA:21,0
LF:6
LH:0
BRF:0
BRH:0
end_of_record
TN:
SF:app/page.tsx
FN:15,Home
FNF:1
FNH:0
FNDA:0,Home
DA:6,0
DA:9,0
DA:15,0
LF:3
LH:0
BRF:0
BRH:0
end_of_record
TN:
SF:app/api/schengen/route.ts
FN:13,GET
FN:41,POST
FNF:2
FNH:0
FNDA:0,GET
FNDA:0,POST
DA:6,0
DA:7,0
DA:13,0
DA:14,0
DA:15,0
DA:16,0
DA:20,0
DA:22,0
DA:24,0
DA:31,0
DA:41,0
DA:42,0
DA:43,0
DA:46,0
DA:48,0
DA:49,0
DA:55,0
DA:56,0
DA:59,0
DA:60,0
DA:66,0
DA:67,0
DA:73,0
DA:80,0
DA:87,0
LF:25
LH:0
BRDA:20,0,0,0
BRDA:20,0,1,0
BRDA:48,1,0,0
BRDA:48,2,0,0
BRDA:48,2,1,0
BRDA:48,2,2,0
BRDA:59,3,0,0
BRDA:59,4,0,0
BRDA:59,4,1,0
BRDA:66,5,0,0
BRDA:74,6,0,0
BRDA:74,6,1,0
BRF:12
BRH:0
end_of_record
TN:
SF:app/dashboard/page.tsx
FN:14,DashboardPage
FNF:1
FNH:0
FNDA:0,DashboardPage
DA:7,0
DA:9,0
DA:14,0
LF:3
LH:0
BRF:0
BRH:0
end_of_record
TN:
SF:app/schengen/page.tsx
FN:15,SchengenPage
FNF:1
FNH:0
FNDA:0,SchengenPage
DA:7,0
DA:9,0
DA:15,0
LF:3
LH:0
BRF:0
BRH:0
end_of_record
TN:
SF:components/schengen/Calculator.tsx
FN:17,SchengenCalculator
FN:24,(anonymous_2)
FN:29,(anonymous_3)
FN:41,(anonymous_4)
FN:48,(anonymous_5)
FN:153,(anonymous_6)
FN:169,(anonymous_7)
FN:185,(anonymous_8)
FNF:8
FNH:0
FNDA:0,SchengenCalculator
FNDA:0,(anonymous_2)
FNDA:0,(anonymous_3)
FNDA:0,(anonymous_4)
FNDA:0,(anonymous_5)
FNDA:0,(anonymous_6)
FNDA:0,(anonymous_7)
FNDA:0,(anonymous_8)
DA:8,1
DA:10,1
DA:17,0
DA:21,0
DA:22,0
DA:24,0
DA:25,0
DA:27,0
DA:29,0
DA:31,0
DA:32,0
DA:33,0
DA:37,0
DA:41,0
DA:42,0
DA:43,0
DA:44,0
DA:45,0
DA:48,0
DA:49,0
DA:50,0
DA:51,0
DA:52,0
DA:154,0
DA:170,0
DA:186,0
LF:26
LH:2
BRDA:18,0,0,0
BRDA:42,1,0,0
BRDA:43,2,0,0
BRDA:44,3,0,0
BRDA:49,4,0,0
BRDA:50,5,0,0
BRDA:51,6,0,0
BRDA:66,7,0,0
BRDA:66,7,1,0
BRDA:70,8,0,0
BRDA:116,9,0,0
BRDA:116,9,1,0
BRDA:118,10,0,0
BRDA:118,10,1,0
BRDA:120,11,0,0
BRDA:120,11,1,0
BRDA:147,12,0,0
BRDA:163,13,0,0
BRDA:179,14,0,0
BRDA:202,15,0,0
BRDA:202,15,1,0
BRF:21
BRH:0
end_of_record
TN:
SF:lib/schengen/calculator.ts
FN:48,calculateDaysBetween
FN:58,processVisits
FN:59,(anonymous_8)
FN:73,getRelevantVisits
FN:80,(anonymous_10)
FN:81,(anonymous_11)
FN:93,calculateUsedDays
FN:119,calculateNextResetDate
FN:128,(anonymous_14)
FN:134,(anonymous_15)
FN:147,detectViolations
FN:167,calculateSchengenStatus
FN:191,generateWarnings
FN:217,validateFutureTrip
FN:307,findSafeTravelDates
FN:342,calculateComprehensiveStatus
FNF:16
FNH:14
FNDA:4,calculateDaysBetween
FNDA:7,processVisits
FNDA:5,(anonymous_8)
FNDA:7,getRelevantVisits
FNDA:5,(anonymous_10)
FNDA:4,(anonymous_11)
FNDA:7,calculateUsedDays
FNDA:7,calculateNextResetDate
FNDA:4,(anonymous_14)
FNDA:1,(anonymous_15)
FNDA:7,detectViolations
FNDA:7,calculateSchengenStatus
FNDA:2,generateWarnings
FNDA:0,validateFutureTrip
FNDA:0,findSafeTravelDates
FNDA:2,calculateComprehensiveStatus
DA:21,2
DA:26,2
DA:49,4
DA:50,4
DA:59,7
DA:77,7
DA:79,7
DA:80,5
DA:82,4
DA:83,4
DA:97,7
DA:99,7
DA:101,7
DA:102,4
DA:103,4
DA:105,4
DA:106,4
DA:110,7
DA:123,7
DA:124,4
DA:127,3
DA:128,4
DA:130,3
DA:131,0
DA:134,3
DA:135,1
DA:138,3
DA:148,7
DA:149,6
DA:152,1
DA:167,5
DA:171,7
DA:172,7
DA:173,7
DA:174,7
DA:175,7
DA:177,7
DA:191,0
DA:192,2
DA:194,2
DA:195,0
DA:198,2
DA:199,0
DA:202,2
DA:203,0
DA:206,2
DA:217,0
DA:224,0
DA:225,0
DA:236,0
DA:239,0
DA:255,0
DA:256,0
DA:258,0
DA:259,0
DA:262,0
DA:263,0
DA:264,0
DA:268,0
DA:269,0
DA:270,0
DA:274,0
DA:275,0
DA:277,0
DA:278,0
DA:279,0
DA:284,0
DA:285,0
DA:286,0
DA:289,0
DA:307,0
DA:312,0
DA:314,0
DA:315,0
DA:316,0
DA:325,0
DA:326,0
DA:333,0
DA:342,2
DA:346,2
DA:347,2
DA:349,2
DA:351,2
DA:352,0
DA:355,2
DA:356,2
DA:359,2
DA:360,0
DA:363,2
LF:89
LH:50
BRDA:62,0,0,5
BRDA:62,0,1,0
BRDA:82,1,0,4
BRDA:82,1,1,0
BRDA:83,2,0,4
BRDA:83,2,1,4
BRDA:102,3,0,4
BRDA:102,3,1,0
BRDA:103,4,0,4
BRDA:103,4,1,0
BRDA:103,5,0,4
BRDA:103,5,1,4
BRDA:105,6,0,4
BRDA:123,7,0,4
BRDA:130,8,0,0
BRDA:135,9,0,0
BRDA:135,9,1,1
BRDA:148,10,0,6
BRDA:169,11,0,5
BRDA:194,12,0,0
BRDA:198,13,0,0
BRDA:198,14,0,2
BRDA:198,14,1,0
BRDA:202,15,0,0
BRDA:202,16,0,2
BRDA:202,16,1,0
BRDA:224,17,0,0
BRDA:262,18,0,0
BRDA:268,19,0,0
BRDA:274,20,0,0
BRDA:277,21,0,0
BRDA:284,22,0,0
BRDA:310,23,0,0
BRDA:325,24,0,0
BRDA:325,25,0,0
BRDA:325,25,1,0
BRDA:344,26,0,2
BRDA:351,27,0,0
BRDA:351,28,0,2
BRDA:351,28,1,2
BRDA:355,29,0,2
BRDA:359,30,0,0
BRDA:367,31,0,0
BRDA:367,31,1,2
BRF:44
BRH:20
end_of_record
